                    << Inut Data & Residuals >>
----------------------------------------------------------------------
  i         HA          Azi           Alt.          dAzi      dAlt    
----------------------------------------------------------------------
  8       -2.097      -52.648        49.563    -53854.5    -6648.5
  5        1.304       19.044        23.276     45442.6     5387.7
  3        3.573       83.731        40.103    -68520.2    16539.3
  2        4.438       66.489        10.972      6054.6     3692.2
 24        5.982      137.007        29.692     16675.1    -5209.5
 22        6.864      143.690        24.294      9634.4   -14218.4
  7        0.366       12.469        64.351     24762.9   -13481.8
 15       -0.628     -100.994        82.534     -1549.6     2406.8
 12       -2.675     -117.201        59.356     21443.6     9624.8
 10       -3.274     -146.113        51.410       -88.9     1907.3
----------------------------------------------------------------------
 u.s.e.                                         74643.6   -14777.8
----------------------------------------------------------------------
  unit : HA (hour), Azi, Alt (degree)  dAzi, dAlt, use (arcsec)
                 << Mount model Parameters >>
----------------------------------------------------------------------
           para_Azi/          error         para_Alt./         error  
----------------------------------------------------------------------
  0     1738990.178/      613636.751        99262.144/      430525.217   