 0    -70.030  293.9      55.938  -69.3
 1    -68.930  169.2      56.786  -70.5
 2    -68.255 -174.0      57.289  219.1
 3    -67.165  125.2      58.072  -14.5
 4    -66.295 -349.7      58.672   87.6
 5    -65.482  -22.5      59.216  -18.9
 6    -64.607 -293.4      59.780 -228.7
 7    -63.326 -308.0      60.572   30.0
 8    -61.702 -101.6      61.518 -143.1
 9    -60.307  118.6      62.282 -251.8
10    -59.136  -84.5      62.891  -17.5
11    -58.084  290.4      63.414   -8.0
12    -56.411   68.4      64.201  -25.9
13    -55.477  -58.2      64.617   49.8
14    -36.158 -217.9      70.477 -168.0
15    -32.709 -218.4      71.116  -53.4
16    -30.493   17.6      71.478 -149.7
17    -28.013  790.1      71.843 -142.7
18     43.276  558.2      68.873  111.2
19     45.029  755.2      68.388  141.5
20     46.640 -390.9      67.912  293.4
21     48.104 -266.4      67.451  139.9
22     49.501 -119.8      66.985   59.5
23     50.895   94.1      66.494   68.1
24     51.983  -73.7      66.090  -52.8
25     53.102  228.9      65.656  -12.6
26     54.623 -121.1      65.033 -117.1
27     55.941 -119.5      64.462 -122.8
28     56.594 -504.2      64.167  251.7
29     57.676  -85.8      63.662  215.7
r.m.s residual azi:   304.727 alt:   137.631

 -----  Result of Mount Model calaulation -----
 1  18411.847 +/-    119.069  azimuth zero point
 2  85484.823 +/-    451.929  altitutde zero point
 3     90.619 +/-      0.112  azimuth scale  (arcsec/counts)
 4     91.126 +/-      0.283  altitude scale (arcsec/counts)
 5  -2506.014 +/-   