### Motion Parameter File ####=======================================================
00:AXIS_NO.             =0
01:PULSE_OUT_METHOD.    =0
02:ENC_INPUT_METHOD.    =3
03:INPOSITION.          =2
04:ALARM.               =2
05:NEG_END_LIMIT.       =1
06:POS_END_LIMIT.       =1
07:MIN_VELOCITY.        =100.000
08:MAX_VELOCITY.        =25467.733
09:HOME_SIGNAL.         =4
10:HOME_LEVEL.          =1
11:HOME_DIR.            =1
12:ZPHASE_LEVEL.        =1
13:ZPHASE_USE.          =0
14:STOP_SIGNAL_MODE.    =0
15:STOP_SIGNAL_LEVEL.   =1
16:HOME_FIRST_VELOCITY. =23152.485
17:HOME_SECOND_VELOCITY.=5000.000
18:HOME_THIRD_VELOCITY. =3000.000
19:HOME_LAST_VELOCITY.  =1000.000
20:HOME_FIRST_ACCEL.    =7684.162
21:HOME_SECOND_ACCEL.   =3000.000
22:HOME_END_CLEAR_TIME. =0.000
23:HOME_END_OFFSET.     =0.000
24:NEG_SOFT_LIMIT.      =134217695.000
25:POS_SOFT_LIMIT.      =134217695.000
26:MOVE_PULSE.          =1.0000000
27:MOVE_UNIT.           =1.0000000
28:INIT_POSITION.       =1000.000
29:INIT_VELOCITY.       =200.000
30:INIT_ACCEL.          =400.000
31:INIT_DECEL.          =400.000
32:INIT_ABSRELMODE.     =1
33:INIT_PROFILEMODE.    =0
#=======================================================
00:AXIS_NO.             =1
01:PULSE_OUT_METHOD.    =0
02:ENC_INPUT_METHOD.    =3
03:INPOSITION.          =2
04:ALARM.               =2
05:NEG_END_LIMIT.       =1
06:POS_END_LIMIT.       =1
07:MIN_VELOCITY.        =100.000
08:MAX_VELOCITY.        =541319.124
09:HOME_SIGNAL.         =4
10:HOME_LEVEL.          =1
11:HOME_DIR.            =1
12:ZPHASE_LEVEL.        =1
13:ZPHASE_USE.          =0
14:STOP_SIGNAL_MODE.    =0
15:STOP_SIGNAL_LEVEL.   =1
16:HOME_FIRST_VELOCITY. =492108.294
17:HOME_SECOND_VELOCITY.=5000.000
18:HOME_THIRD_VELOCITY. =3000.000
19:HOME_LAST_VELOCITY.  =1000.000
20:HOME_FIRST_ACCEL.    =164002.765
21:HOME_SECOND_ACCEL.   =3000.000
22:HOME_END_CLEAR_TIME. =0.000
23:HOME_END_OFFSET.     =0.000
24:NEG_SOFT_LIMIT.      =134217695.000
25:POS_SOFT_LIMIT.      =134217695.000
26:MOVE_PULSE.          =1.0000000
27:MOVE_UNIT.           =1.0000000
28:INIT_POSITION.       =1000.000
29:INIT_VELOCITY.       =200.000
30:INIT_ACCEL.          =400.000
31:INIT_DECEL.          =400.000
32:INIT_ABSRELMODE.     =1
33:INIT_PROFILEMODE.    =0
#=======================================================
00:AXIS_NO.             =2
01:PULSE_OUT_METHOD.    =0
02:ENC_INPUT_METHOD.    =3
03:INPOSITION.          =2
04:ALARM.               =2
05:NEG_END_LIMIT.       =1
06:POS_END_LIMIT.       =1
07:MIN_VELOCITY.        =100.000
08:MAX_VELOCITY.        =25467.733
09:HOME_SIGNAL.         =4
10:HOME_LEVEL.          =1
11:HOME_DIR.            =1
12:ZPHASE_LEVEL.        =1
13:ZPHASE_USE.          =0
14:STOP_SIGNAL_MODE.    =0
15:STOP_SIGNAL_LEVEL.   =1
16:HOME_FIRST_VELOCITY. =23152.485
17:HOME_SECOND_VELOCITY.=5000.000
18:HOME_THIRD_VELOCITY. =3000.000
19:HOME_LAST_VELOCITY.  =1000.000
20:HOME_FIRST_ACCEL.    =7684.162
21:HOME_SECOND_ACCEL.   =3000.000
22:HOME_END_CLEAR_TIME. =0.000
23:HOME_END_OFFSET.     =0.000
24:NEG_SOFT_LIMIT.      =-134217728.000
25:POS_SOFT_LIMIT.      =134217727.000
26:MOVE_PULSE.          =1.0000000
27:MOVE_UNIT.           =1.0000000
28:INIT_POSITION.       =1000.000
29:INIT_VELOCITY.       =200.000
30:INIT_ACCEL.          =400.000
31:INIT_DECEL.          =400.000
32:INIT_ABSRELMODE.     =1
33:INIT_PROFILEMODE.    =0
#=======================================================
00:AXIS_NO.             =3
01:PULSE_OUT_METHOD.    =0
02:ENC_INPUT_METHOD.    =3
03:INPOSITION.          =2
04:ALARM.               =2
05:NEG_END_LIMIT.       =1
06:POS_END_LIMIT.       =1
07:MIN_VELOCITY.        =100.000
08:MAX_VELOCITY.        =541319.124
09:HOME_SIGNAL.         =4
10:HOME_LEVEL.          =1
11:HOME_DIR.            =1
12:ZPHASE_LEVEL.        =1
13:ZPHASE_USE.          =0
14:STOP_SIGNAL_MODE.    =0
15:STOP_SIGNAL_LEVEL.   =1
16:HOME_FIRST_VELOCITY. =492108.294
17:HOME_SECOND_VELOCITY.=5000.000
18:HOME_THIRD_VELOCITY. =3000.000
19:HOME_LAST_VELOCITY.  =1000.000
20:HOME_FIRST_ACCEL.    =164002.765
21:HOME_SECOND_ACCEL.   =3000.000
22:HOME_END_CLEAR_TIME. =0.000
23:HOME_END_OFFSET.     =0.000
24:NEG_SOFT_LIMIT.      =-134217728.000
25:POS_SOFT_LIMIT.      =134217727.000
26:MOVE_PULSE.          =1.0000000
27:MOVE_UNIT.           =1.0000000
28:INIT_POSITION.       =1000.000
29:INIT_VELOCITY.       =200.000
30:INIT_ACCEL.          =400.000
31:INIT_DECEL.          =400.000
32:INIT_ABSRELMODE.     =1
33:INIT_PROFILEMODE.    =0
