        21
     0.099      3.697     14.536     24.984
     3.149    -20.549      6.406     -1.107
     4.359     -8.267     31.884     13.754
     5.210     15.847     25.145     -4.938
     3.451    -24.188     60.695     -7.042
     2.617     15.791     34.366     -8.680
     2.218    -20.761     23.747      0.226
     2.444     27.457     51.644    -18.728
     1.637     23.564     41.464    -20.935
     1.882     -9.963     11.940      2.674
     0.794     -0.022     15.395     33.454
    -0.124     38.712    -22.637     25.699
    -0.977    -39.064     10.925     -5.432
    -1.513    -11.337     -0.623     12.678
    -2.182      4.002     19.148    -27.911
    -2.757      0.483    -16.047    -24.210
    -3.186      3.307     -9.389    -19.483
    -3.629    -15.740      6.415    -21.726
    -4.267     12.042     61.491      4.775
    -4.546     18.989     31.595     28.149
    -4.984    -14.001     65.700     13.798
