21 SCAN START: at 11-26-2009   20:09:04
  6     15.18316     15.26892     65.86588     38.16598    1623857   -2001601      63814     -75525    194.1   -390.8
  3     35.49539      9.93363     49.00420     60.67360    3856595   -2587402     150341     -98053   -278.6    -38.5
 33     50.23271     34.01596     49.08899    103.37668    5487633      58132     213872       3279   -110.7    319.4
 36     65.71996     45.16337     40.21586    122.68222    7204046    1280641     280430      50276   -108.0     46.4
  1     65.78002     10.65907     25.85294     84.82011    7187361   -2509884     279773     -95197   -833.9   -413.3
 31     57.09326     40.29642     45.34818    114.33851    6246498     750789     243625      29665    641.9    481.3
 32     52.41059     45.32175     49.49551    120.92781    5735012    1305105     223913      51040     73.9    -16.5
 34     43.31197     62.62792     51.74431    149.37822    4752019    3208173     186095     125113    381.6   -287.1
 30     17.15809     28.14394     73.81365     68.93237    1840033    -587249      72743     -21384   -219.9    147.8
  7      0.07209     15.24870     70.04934      0.20385     -42963   -2003094       -303     -75911     21.7    -50.9
  8     -7.31012    -17.90855     36.44076     -8.65604    -853649   -5646613     -31754    -216206     16.9   -291.7
 27    -13.54293     35.67802     78.96443    -96.41148   -1540899     243018     -58357      10476    -47.2    178.9
 29    -24.59431     20.86528     64.10510    -62.93505   -2758494   -1387349    -105388     -51804    -95.8   -412.5
 16    -26.66527     42.38042     68.11857   -117.18939   -2987586     979358    -114303      38283    -97.2    749.3
 18    -42.57805     40.99767     56.33422   -112.90181   -4742083     822873    -182226      32319    -14.9   -128.9
 22    -54.85739     40.04420     46.96555   -113.46438   -6095267     710975    -234655      28158    112.4    -85.8
 11    -69.45773     33.19260     33.74632   -109.53870   -7701701     -44435    -296714       -822    134.2   -255.3
-17    -26.76916     23.51745     64.02507    -70.55114   -2999720   -1094701    -115136     -40916    143.4    -43.7
 24      3.05054     59.20331     65.91258    176.17210     295075    2836077      12497     110103    -25.5    520.7
  4     38.96470    -16.05452     26.81897     42.62156    4227788   -5438646     164773    -208225   -679.7   -505.7
 23      3.88547     29.15200     83.11800     29.59579     377342    -466193      16033     -16794    315.7     11.0
