Input file: Save_Poing2.dat

==========================================
No.     AZI   resiudal     ALT   residual
        deg   arcsec       deg    arcsec
==========================================
 0    -70.030  410.3      55.938  -75.0
 1    -68.930  265.8      56.786  -83.9
 2    -68.255  -90.1      57.289  202.3
 3    -67.165  190.1      58.072  -39.0
 4    -66.295 -301.4      58.672   58.3
 5    -65.482   11.7      59.216  -53.1
 6    -64.607 -275.5      59.780 -268.2
 7    -63.326 -313.3      60.572  -14.7
 8    -61.702 -135.9      61.518 -195.4
 9    -60.307   59.6      62.282 -309.7
10    -59.136 -164.9      62.891  -78.5
11    -58.084  191.9      63.414  -72.1
12    -56.411  -60.1      64.201  -94.5
13    -55.477 -203.4      64.617  -20.6
14    -36.158 -660.2      70.477 -243.4
15    -32.709 -701.1      71.116 -123.5
16    -30.493 -488.2      71.478 -216.4
17    -28.013  261.8      71.843 -204.8
18    -19.865 1407.7      72.775  -35.3
19    -16.405  -69.5      73.059   55.2
20    -11.554 1236.6      73.360 -243.1
21     43.276  210.8      68.873  269.6
22     45.029  416.6      68.388  307.4
23     46.640 -724.3      67.912  466.8
24     48.104 -593.8      67.451  319.3
25     49.501 -442.0      66.985  245.1
26     50.895 -223.4      66.494  260.5
27     51.983 -388.6      66.090  144.5
28     53.102  -82.9      65.656  190.6
29     54.074 3316.7      65.263 -1257.5
30     54.623 -430.5      65.033   93.7
31     55.941 -427.1      64.462   95.4
32     56.594 -811.9      64.167  475.0
33     57.676 -391.9      63.662  445.2
==========================================
r.m.s residual azi:749.678 alt:307.271


estimated mounting parameter

 1  18461.061 +/-    265.264 azi zeropoint
 2  84938.778 +/-    909.298 alt zeropoint
 3     90.773 +/-      0.258 azi scale (arcsec/encoder pulse)
 4     91.469 +/-      0.576 alt scale (arcsec/encoder pulse)
 5  -2658.982 +/-    335.374 vertical axis tilt along North-South(arcsec)
 6    364.108 +/-    120.583 vertical axis tilt along West -East (arcsec)
