                    << Inut Data & Residuals >>
----------------------------------------------------------------------
  i         HA          DEC           Alt.          dHA       dDec.
----------------------------------------------------------------------
  1        2.618       15.251        49.643       -30.2      227.1
  3        2.145      -17.906        28.745        37.2     -201.4
  4       -0.143        4.140        58.878       -53.8     -312.3
  5       -1.684       16.537        60.758        31.7       81.3
  6       -2.195       -5.057        39.227        -9.3      380.3
  7       -2.296       -8.171        35.817       -13.8      283.9
  8       -2.453        6.371        45.585         6.0     -196.2
 16       -2.937        7.421        41.053         5.8     -296.9
 19       -4.573       31.875        33.895        -4.2      -30.6
 22       -2.253       46.008        62.424       -66.9     -101.6
 25       -2.948       37.216        54.591        35.1       47.5
 28       -0.328       49.896        74.872       -24.4      -70.4
 31       -0.864       40.041        78.670        78.7      170.7
 32        2.187       60.771        56.971         8.2       18.7
----------------------------------------------------------------------
 u.s.e.                                            56.4      273.0
----------------------------------------------------------------------
  unit : HA (hour), Dec, Alt (degree)  dHA, dDec, use (arcsec)
                 << Mount model Parameters >>
----------------------------------------------------------------------
            para_RA/          error         para_Dec./         error  
----------------------------------------------------------------------
  0       -2384.347/         553.558      -119029.254/        2675.249
  1           1.171/           0.004            1.205/           0.041
  2          41.812/          74.241        -1101.972/         533.755
  3        -625.344/         442.230         -296.836/         185.633
  4         961.862/         317.898         2798.392/        2739.847
  5        1935.804/         720.719        -4982.625/        6900.673
  6         652.150/         334.333            0.000/           0.000
  7         406.224/         393.921            0.000/           0.000
  8           0.000/           0.000            0.000/           0.000
  9           0.000/           0.000            0.000/           0.000
----------------------------------------------------------------------
  unit: i=1 steps   i =0,2,3... arcsec

             << Inclination of the current polar axis >>         
 HA[2],  Dec[2] : the inclination of the polar axis toward south
 HA[3],  Dec[3] : the inclination of the polar axis toward east 
 HA[4],  Dec[4] : disk eccentricity 
 HA[5],  Dec[5] : disk eccentricity 
 HA[6]          : ra, dec axis perpendicularity error 
         DEC[6] : tube flexure 
 HA[7]          : optical & mechanical axis perpendicularity error 
 Note :  HA[2] includes tube flexure.
