21 SCAN START: at 04-26-2007   22:08:10
 10      1.48448     14.53618     69.32637      4.07318       -723     740537      -2927      21394     25.6    -17.4
  3     47.22784      6.40600     38.01977     67.81490    3301441     320897    1948759       9825    -11.6     35.2
 68     65.37885     31.88385     36.39934    106.45835    4607835    1634601    2720461      46073      5.8      0.1
 66     78.14360     25.14503     23.37659    105.17197    5530594    1286792    3265926      36493    -43.6      1.1
 59     51.76232     60.69484     48.58137    144.47023    3615399    3118583    2133343      87025   -206.9     62.8
 61     39.25991     34.36623     57.95071    100.13101    2723745    1762541    1606478      49580     83.5    -24.0
 63     33.27162     23.74652     59.04202     77.47199    2293260    1215179    1351892      34480     15.8    -20.5
 62     36.65730     51.64443     59.15982    133.72364    2531288    2652045    1492566      74145   -197.2     54.1
 53     24.54758     41.46368     69.81739    115.52957    1660801    2127155     978016      59665     18.8    -15.5
  6     28.22616     11.93973     55.47152     54.72126    1931903     606857    1137915      17690     81.2    -49.2
  9     11.91428     15.39501     67.52847     31.38206     753467     785592     441897      22616    -39.1    -34.9
 11     -1.86690    -22.63702     32.16920     -2.03565    -237043   -1175915    -143561     -31465    -57.4    -44.8
 16    -14.65792     10.92541     62.33792    -32.35619   -1164890     553512    -691818      16255     49.9     53.0
 19    -22.69402     -0.62307     48.40721    -35.53156   -1742798     -40778   -1033566       -155    -35.0    -29.6
 22    -32.73703     19.14770     56.98277    -69.64500   -2470433     978225   -1463303      27952    -42.2     39.7
 23    -41.35752    -16.04715     25.49812    -44.71119   -3089004    -834099   -1829050     -22087     -6.5    -52.8
 24    -47.79375     -9.38879     26.60710    -54.82228   -3555015    -490709   -2103834     -12611    -23.1     -9.3
 25    -54.43157      6.41491     32.47154    -73.36005   -4036082     322909   -2388106       9868     14.2      8.2
 30    -64.00151     61.49115     42.62150   -144.33832   -4740482    3162377   -2804106      88208   -299.5     20.4
 32    -68.19152     31.59455     34.08551   -107.28115   -5033717    1621312   -2976939      45709    240.4    -62.7
 33    -74.76047     65.70048     37.83248   -149.82120   -5521440    3379040   -3265210      94208   -259.4     46.8
